

Version:	3.9
CmdLine:	C:\Users\Artur\Desktop\_F_I_N_A_L_\!Windows Builder\Sources\FishResp.exe --l4j-debug
WOW64:		yes
Working dir:	C:\Users\Artur\Desktop\_F_I_N_A_L_\!Windows Builder\Sources\.
64-bit search:	SOFTWARE\JavaSoft\Java Runtime Environment...
Check:		SOFTWARE\JavaSoft\Java Runtime Environment\1.8
Ignore:		1.8
Check:		SOFTWARE\JavaSoft\Java Runtime Environment\1.8.0_191
Check launcher:	C:\Program Files\Java\jre1.8.0_191\bin\javaw.exe (OK)
Match:		1.8.0_191
64-bit search:	SOFTWARE\JavaSoft\Java Development Kit...
Check:		SOFTWARE\JavaSoft\Java Development Kit\1.8
Ignore:		1.8
Check:		SOFTWARE\JavaSoft\Java Development Kit\1.8.0_111
Ignore:		1.8.0_111
Check:		SOFTWARE\JavaSoft\Java Development Kit\1.8.0_65
Ignore:		1.8.0_065
Runtime used:	1.8.0_191 (64-bit)
Launcher:	C:\Program Files\Java\jre1.8.0_191\bin\javaw.exe
Launcher args:	-jar "C:\Users\Artur\Desktop\_F_I_N_A_L_\!Windows Builder\Sources\FishResp.exe"
Args length:	79/32768 chars
Exit code:	0


Version:	3.9
CmdLine:	C:\Users\Artur\Desktop\_F_I_N_A_L_\!Windows Builder\Sources\FishResp.exe --l4j-debug
WOW64:		yes
Working dir:	C:\Users\Artur\Desktop\_F_I_N_A_L_\!Windows Builder\Sources\.
64-bit search:	SOFTWARE\JavaSoft\Java Runtime Environment...
Check:		SOFTWARE\JavaSoft\Java Runtime Environment\1.8
Ignore:		1.8
Check:		SOFTWARE\JavaSoft\Java Runtime Environment\1.8.0_191
Check launcher:	C:\Program Files\Java\jre1.8.0_191\bin\javaw.exe (OK)
Match:		1.8.0_191
64-bit search:	SOFTWARE\JavaSoft\Java Development Kit...
Check:		SOFTWARE\JavaSoft\Java Development Kit\1.8
Ignore:		1.8
Check:		SOFTWARE\JavaSoft\Java Development Kit\1.8.0_111
Ignore:		1.8.0_111
Check:		SOFTWARE\JavaSoft\Java Development Kit\1.8.0_65
Ignore:		1.8.0_065
Runtime used:	1.8.0_191 (64-bit)
Launcher:	C:\Program Files\Java\jre1.8.0_191\bin\javaw.exe
Launcher args:	-jar "C:\Users\Artur\Desktop\_F_I_N_A_L_\!Windows Builder\Sources\FishResp.exe"
Args length:	79/32768 chars
Exit code:	0


Version:	3.9
CmdLine:	C:\Users\Artur\Desktop\_F_I_N_A_L_\!Windows Builder\Sources\FishResp.exe --l4j-debug
WOW64:		yes
Working dir:	C:\Users\Artur\Desktop\_F_I_N_A_L_\!Windows Builder\Sources\.
64-bit search:	SOFTWARE\JavaSoft\Java Runtime Environment...
Check:		SOFTWARE\JavaSoft\Java Runtime Environment\1.8
Ignore:		1.8
Check:		SOFTWARE\JavaSoft\Java Runtime Environment\1.8.0_191
Check launcher:	C:\Program Files\Java\jre1.8.0_191\bin\javaw.exe (OK)
Match:		1.8.0_191
64-bit search:	SOFTWARE\JavaSoft\Java Development Kit...
Check:		SOFTWARE\JavaSoft\Java Development Kit\1.8
Ignore:		1.8
Check:		SOFTWARE\JavaSoft\Java Development Kit\1.8.0_111
Ignore:		1.8.0_111
Check:		SOFTWARE\JavaSoft\Java Development Kit\1.8.0_65
Ignore:		1.8.0_065
Runtime used:	1.8.0_191 (64-bit)
Launcher:	C:\Program Files\Java\jre1.8.0_191\bin\javaw.exe
Launcher args:	-jar "C:\Users\Artur\Desktop\_F_I_N_A_L_\!Windows Builder\Sources\FishResp.exe"
Args length:	79/32768 chars
Exit code:	0


Version:	3.9
CmdLine:	C:\Users\Artur\Desktop\_F_I_N_A_L_\!Windows Builder\Sources\FishResp.exe --l4j-debug
WOW64:		yes
Working dir:	C:\Users\Artur\Desktop\_F_I_N_A_L_\!Windows Builder\Sources\.
64-bit search:	SOFTWARE\JavaSoft\Java Runtime Environment...
Check:		SOFTWARE\JavaSoft\Java Runtime Environment\1.8
Ignore:		1.8
Check:		SOFTWARE\JavaSoft\Java Runtime Environment\1.8.0_191
Check launcher:	C:\Program Files\Java\jre1.8.0_191\bin\javaw.exe (OK)
Match:		1.8.0_191
64-bit search:	SOFTWARE\JavaSoft\Java Development Kit...
Check:		SOFTWARE\JavaSoft\Java Development Kit\1.8
Ignore:		1.8
Check:		SOFTWARE\JavaSoft\Java Development Kit\1.8.0_111
Ignore:		1.8.0_111
Check:		SOFTWARE\JavaSoft\Java Development Kit\1.8.0_65
Ignore:		1.8.0_065
Runtime used:	1.8.0_191 (64-bit)
Launcher:	C:\Program Files\Java\jre1.8.0_191\bin\javaw.exe
Launcher args:	-jar "C:\Users\Artur\Desktop\_F_I_N_A_L_\!Windows Builder\Sources\FishResp.exe"
Args length:	79/32768 chars
Exit code:	0
